wesley.goyette@gmail.com: GET /?
wesley.goyette@gmail.com: GET /?
wesley.goyette@gmail.com: GET /?
wesley.goyette@gmail.com: GET /?
wesley.goyette@gmail.com: GET /?
wesley.goyette@gmail.com: GET /frefe?
wesley.goyette@gmail.com: GET /?
wesley.goyette@gmail.com: GET /ferfe?
wesley.goyette@gmail.com: GET /ferfe?
wesley.goyette@gmail.com: GET /?
wesley.goyette@gmail.com: GET /?team=Altoona+Mountain+City&year=1884
wesley.goyette@gmail.com: GET /?prevTeam=Altoona+Mountain+City&prevYear=1884
wesley.goyette@gmail.com: GET /?team=Baltimore+Monumentals&year=1884
wesley.goyette@gmail.com: GET /?prevTeam=Baltimore+Monumentals&prevYear=1884
wesley.goyette@gmail.com: GET /admin?
wesley.goyette@gmail.com: GET /?
wesley.goyette@gmail.com: GET /?team=Baltimore+Terrapins&year=1915
wesley.goyette@gmail.com: GET /?prevTeam=Baltimore+Terrapins&prevYear=1915
wesley.goyette@gmail.com: GET /?prevTeam=Baltimore+Terrapins&prevYear=1915
wesley.goyette@gmail.com: GET /admin?
wesley.goyette@gmail.com: GET /admin?
wesley.goyette@gmail.com: GET /admin?
wesley.goyette@gmail.com: GET /admin?
wesley.goyette@gmail.com: GET /admin?
wesley.goyette@gmail.com: GET /admin?
wesley.goyette@gmail.com: GET /admin?
wesley.goyette@gmail.com: GET /admin?
wesley.goyette@gmail.com: GET /admin?
wesley.goyette@gmail.com: GET /admin?
wesley.goyette@gmail.com: GET /admin?
wesley.goyette@gmail.com: GET /admin?
wesley.goyette@gmail.com: GET /admin?
wesley.goyette@gmail.com: GET /admin?
wesley.goyette@gmail.com: GET /admin?
wesley.goyette@gmail.com: GET /admin?
wesley.goyette@gmail.com: GET /admin?
wesley.goyette@gmail.com: GET /admin?
wesley.goyette@gmail.com: GET /login?
wesley.goyette@gmail.com: GET /login?
wesley.goyette@gmail.com: GET /register?
wesley.goyette@gmail.com: GET /register?
wesley.goyette@gmail.com: GET /register?
wesley.goyette@gmail.com: GET /login?
wesley.goyette@gmail.com: GET /register?
wesley.goyette@gmail.com: POST /register?
wesley.goyette@gmail.com: POST /register?
wesley.goyette@gmail.com: POST /register?
wesley.goyette@gmail.com: GET /login?
wesley.goyette@gmail.com: POST /login?
wesley.goyette@gmail.com: GET /?
wesley.goyette@gmail.com: GET /?
wesley.goyette@gmail.com: GET /?
wesley.goyette@gmail.com: GET /?team=Altoona+Mountain+City&year=1884
wesley.goyette@gmail.com: GET /?prevTeam=Altoona+Mountain+City&prevYear=1884
wesley.goyette@gmail.com: GET /?prevTeam=Altoona+Mountain+City&prevYear=1884
wesley.goyette@gmail.com: GET /?prevTeam=Altoona+Mountain+City&prevYear=1884
wesley.goyette@gmail.com: GET /admin?
wesley.goyette@gmail.com: GET /?prevTeam=Altoona+Mountain+City&prevYear=1884
wesley.goyette@gmail.com: GET /?team=Atlanta+Braves&year=2019
wesley.goyette@gmail.com: GET /?prevTeam=Atlanta+Braves&prevYear=2019
wesley.goyette@gmail.com: GET /?prevTeam=Atlanta+Braves&prevYear=2019
wesley.goyette@gmail.com: GET /?prevTeam=Atlanta+Braves&prevYear=2019
wesley.goyette@gmail.com: GET /?prevTeam=Atlanta+Braves&prevYear=2019
wesley.goyette@gmail.com: GET /?prevTeam=Atlanta+Braves&prevYear=2019
wesley.goyette@gmail.com: GET /?prevTeam=Atlanta+Braves&prevYear=2019
wesley.goyette@gmail.com: GET /?prevTeam=Atlanta+Braves&prevYear=2019
wesley.goyette@gmail.com: GET /?prevTeam=Atlanta+Braves&prevYear=2019
wesley.goyette@gmail.com: GET /?prevTeam=Atlanta+Braves&prevYear=2019
wesley.goyette@gmail.com: GET /?prevTeam=Atlanta+Braves&prevYear=2019
wesley.goyette@gmail.com: GET /?prevTeam=Atlanta+Braves&prevYear=2019
wesley.goyette@gmail.com: GET /?prevTeam=Atlanta+Braves&prevYear=2019
wesley.goyette@gmail.com: GET /?prevTeam=Atlanta+Braves&prevYear=2019
wesley.goyette@gmail.com: GET /?prevTeam=Atlanta+Braves&prevYear=2019
wesley.goyette@gmail.com: GET /?prevTeam=Atlanta+Braves&prevYear=2019
wesley.goyette@gmail.com: GET /?prevTeam=Atlanta+Braves&prevYear=2019
wesley.goyette@gmail.com: GET /?prevTeam=Atlanta+Braves&prevYear=2019
wesley.goyette@gmail.com: GET /?prevTeam=Atlanta+Braves&prevYear=2019
wesley.goyette@gmail.com: GET /?prevTeam=Atlanta+Braves&prevYear=2019
wesley.goyette@gmail.com: GET /?prevTeam=Atlanta+Braves&prevYear=2019
wesley.goyette@gmail.com: GET /?prevTeam=Atlanta+Braves&prevYear=2019
wesley.goyette@gmail.com: GET /?prevTeam=Atlanta+Braves&prevYear=2019
wesley.goyette@gmail.com: GET /?prevTeam=Atlanta+Braves&prevYear=2019
wesley.goyette@gmail.com: GET /?prevTeam=Atlanta+Braves&prevYear=2019
wesley.goyette@gmail.com: GET /?prevTeam=Atlanta+Braves&prevYear=2019
wesley.goyette@gmail.com: GET /?prevTeam=Atlanta+Braves&prevYear=2019
wesley.goyette@gmail.com: GET /?prevTeam=Atlanta+Braves&prevYear=2019
wesley.goyette@gmail.com: GET /?prevTeam=Atlanta+Braves&prevYear=2019
wesley.goyette@gmail.com: GET /?team=Atlanta+Braves&year=2015
wesley.goyette@gmail.com: GET /?prevTeam=Atlanta+Braves&prevYear=2019
wesley.goyette@gmail.com: GET /?prevTeam=Atlanta+Braves&prevYear=2019
wesley.goyette@gmail.com: GET /?prevTeam=Atlanta+Braves&prevYear=2019
wesley.goyette@gmail.com: GET /?prevTeam=Atlanta+Braves&prevYear=2019
wesley.goyette@gmail.com: GET /?prevTeam=Atlanta+Braves&prevYear=2019
wesley.goyette@gmail.com: GET /?prevTeam=Atlanta+Braves&prevYear=2019
wesley.goyette@gmail.com: GET /?prevTeam=Atlanta+Braves&prevYear=2019
wesley.goyette@gmail.com: GET /?prevTeam=Atlanta+Braves&prevYear=2019
wesley.goyette@gmail.com: GET /?prevTeam=Atlanta+Braves&prevYear=2019
wesley.goyette@gmail.com: GET /?prevTeam=Atlanta+Braves&prevYear=2019
wesley.goyette@gmail.com: GET /?prevTeam=Atlanta+Braves&prevYear=2019
wesley.goyette@gmail.com: GET /?prevTeam=Atlanta+Braves&prevYear=2019
wesley.goyette@gmail.com: GET /?prevTeam=Atlanta+Braves&prevYear=2019
wesley.goyette@gmail.com: GET /?prevTeam=Atlanta+Braves&prevYear=2019
wesley.goyette@gmail.com: GET /?team=Atlanta+Braves&year=2019
wesley.goyette@gmail.com: GET /?team=Atlanta+Braves&year=2019
wesley.goyette@gmail.com: GET /?prevTeam=Atlanta+Braves&prevYear=2019
wesley.goyette@gmail.com: GET /admin?
wesley.goyette@gmail.com: GET /?
wesley.goyette@gmail.com: GET /?
wesley.goyette@gmail.com: GET /?
wesley.goyette@gmail.com: GET /?
wesley.goyette@gmail.com: GET /?team=Baltimore+Canaries&year=1874
wesley.goyette@gmail.com: GET /?prevTeam=Baltimore+Canaries&prevYear=1874
wesley.goyette@gmail.com: GET /admin?
wesley.goyette@gmail.com: GET /?
wesley.goyette@gmail.com: GET /admin?
wesley.goyette@gmail.com: GET /?
wesley.goyette@gmail.com: GET /?
wesley.goyette@gmail.com: GET /?
wesley.goyette@gmail.com: GET /?
wesley.goyette@gmail.com: GET /?
wesley.goyette@gmail.com: GET /?
wesley.goyette@gmail.com: GET /?
wesley.goyette@gmail.com: GET /?
wesley.goyette@gmail.com: GET /?
wesley.goyette@gmail.com: GET /?
wesley.goyette@gmail.com: GET /?team=Baltimore+Canaries&year=1874
wesley.goyette@gmail.com: GET /?prevTeam=Baltimore+Canaries&prevYear=1874
wesley.goyette@gmail.com: GET /?team=Baltimore+Canaries&year=1873
wesley.goyette@gmail.com: GET /?prevTeam=Baltimore+Canaries&prevYear=1873
wesley.goyette@gmail.com: GET /?team=Baltimore+Canaries&year=1873
wesley.goyette@gmail.com: GET /?prevTeam=Baltimore+Canaries&prevYear=1873
wesley.goyette@gmail.com: GET /admin?
wesley.goyette@gmail.com: GET /?team=Baltimore+Canaries&year=1873
wesley.goyette@gmail.com: GET /?team=Baltimore+Canaries&year=1873
wesley.goyette@gmail.com: GET /?team=Baltimore+Canaries&year=1873
wesley.goyette@gmail.com: GET /?team=Baltimore+Canaries&year=1873
wesley.goyette@gmail.com: GET /?team=Baltimore+Canaries&year=1873
wesley.goyette@gmail.com: GET /?prevTeam=Baltimore+Canaries&prevYear=1873
wesley.goyette@gmail.com: GET /?team=Baltimore+Canaries&year=1873
wesley.goyette@gmail.com: GET /?team=Baltimore+Canaries&year=1873
wesley.goyette@gmail.com: GET /?team=Baltimore+Canaries&year=1873
wesley.goyette@gmail.com: GET /?team=Baltimore+Canaries&year=1873
wesley.goyette@gmail.com: GET /?team=Baltimore+Canaries&year=1873
wesley.goyette@gmail.com: GET /?team=Baltimore+Canaries&year=1873
wesley.goyette@gmail.com: GET /?team=Baltimore+Canaries&year=1873
wesley.goyette@gmail.com: GET /?team=Baltimore+Canaries&year=1873
wesley.goyette@gmail.com: GET /?team=Baltimore+Canaries&year=1873
wesley.goyette@gmail.com: GET /?team=Baltimore+Canaries&year=1873
wesley.goyette@gmail.com: GET /?team=Baltimore+Canaries&year=1873
wesley.goyette@gmail.com: GET /?team=Baltimore+Canaries&year=1873
wesley.goyette@gmail.com: GET /?team=Baltimore+Canaries&year=1873
wesley.goyette@gmail.com: GET /?team=Baltimore+Canaries&year=1873
wesley.goyette@gmail.com: GET /?
wesley.goyette@gmail.com: GET /?team=Altoona+Mountain+City&year=1884
wesley.goyette@gmail.com: GET /?team=Altoona+Mountain+City&year=1884
wesley.goyette@gmail.com: GET /?team=Altoona+Mountain+City&year=1884
wesley.goyette@gmail.com: GET /?team=Altoona+Mountain+City&year=1884
wesley.goyette@gmail.com: GET /?team=Altoona+Mountain+City&year=1884
wesley.goyette@gmail.com: GET /?team=Altoona+Mountain+City&year=1884
wesley.goyette@gmail.com: GET /?team=Altoona+Mountain+City&year=1884
wesley.goyette@gmail.com: GET /?team=Altoona+Mountain+City&year=1884
wesley.goyette@gmail.com: GET /?team=Altoona+Mountain+City&year=1884
wesley.goyette@gmail.com: GET /?team=Altoona+Mountain+City&year=1884
wesley.goyette@gmail.com: GET /?team=Altoona+Mountain+City&year=1884
wesley.goyette@gmail.com: GET /?team=Altoona+Mountain+City&year=1884
wesley.goyette@gmail.com: GET /?team=Altoona+Mountain+City&year=1884
wesley.goyette@gmail.com: GET /?team=Altoona+Mountain+City&year=1884
wesley.goyette@gmail.com: GET /?team=Altoona+Mountain+City&year=1884
wesley.goyette@gmail.com: GET /?team=Altoona+Mountain+City&year=1884
wesley.goyette@gmail.com: GET /?team=Altoona+Mountain+City&year=1884
wesley.goyette@gmail.com: GET /?team=Altoona+Mountain+City&year=1884
wesley.goyette@gmail.com: GET /?team=Altoona+Mountain+City&year=1884
wesley.goyette@gmail.com: GET /?team=Altoona+Mountain+City&year=1884
wesley.goyette@gmail.com: GET /?team=Altoona+Mountain+City&year=1884
wesley.goyette@gmail.com: GET /?team=Altoona+Mountain+City&year=1884
wesley.goyette@gmail.com: GET /?team=Altoona+Mountain+City&year=1884
wesley.goyette@gmail.com: GET /?team=Altoona+Mountain+City&year=1884
wesley.goyette@gmail.com: GET /?team=Altoona+Mountain+City&year=1884
wesley.goyette@gmail.com: GET /?team=Altoona+Mountain+City&year=1884
wesley.goyette@gmail.com: GET /?team=Altoona+Mountain+City&year=1884
wesley.goyette@gmail.com: GET /?team=Altoona+Mountain+City&year=1884
wesley.goyette@gmail.com: GET /?team=Altoona+Mountain+City&year=1884
wesley.goyette@gmail.com: GET /?team=Altoona+Mountain+City&year=1884
wesley.goyette@gmail.com: GET /?team=Altoona+Mountain+City&year=1884
wesley.goyette@gmail.com: GET /?team=Altoona+Mountain+City&year=1884
wesley.goyette@gmail.com: GET /?team=Altoona+Mountain+City&year=1884
wesley.goyette@gmail.com: GET /?team=Altoona+Mountain+City&year=1884
wesley.goyette@gmail.com: GET /?team=Altoona+Mountain+City&year=1884
wesley.goyette@gmail.com: GET /?team=Altoona+Mountain+City&year=1884
wesley.goyette@gmail.com: GET /?team=Altoona+Mountain+City&year=1884
wesley.goyette@gmail.com: GET /?team=Altoona+Mountain+City&year=1884
wesley.goyette@gmail.com: GET /?team=Altoona+Mountain+City&year=1884
wesley.goyette@gmail.com: GET /?team=Altoona+Mountain+City&year=1884
wesley.goyette@gmail.com: GET /?team=Altoona+Mountain+City&year=1884
wesley.goyette@gmail.com: GET /?team=Altoona+Mountain+City&year=1884
wesley.goyette@gmail.com: GET /?team=Altoona+Mountain+City&year=1884
wesley.goyette@gmail.com: GET /?team=Altoona+Mountain+City&year=1884
wesley.goyette@gmail.com: GET /?team=Altoona+Mountain+City&year=1884
wesley.goyette@gmail.com: GET /?team=Altoona+Mountain+City&year=1884
wesley.goyette@gmail.com: GET /?team=Altoona+Mountain+City&year=1884
wesley.goyette@gmail.com: GET /?team=Altoona+Mountain+City&year=1884
wesley.goyette@gmail.com: GET /?team=Altoona+Mountain+City&year=1884
wesley.goyette@gmail.com: GET /?team=Altoona+Mountain+City&year=1884
wesley.goyette@gmail.com: GET /?team=Altoona+Mountain+City&year=1884
wesley.goyette@gmail.com: GET /?team=Altoona+Mountain+City&year=1884
wesley.goyette@gmail.com: GET /?team=Altoona+Mountain+City&year=1884
wesley.goyette@gmail.com: GET /?team=Altoona+Mountain+City&year=1884
wesley.goyette@gmail.com: GET /?team=Altoona+Mountain+City&year=1884
wesley.goyette@gmail.com: GET /?team=Altoona+Mountain+City&year=1884
wesley.goyette@gmail.com: GET /?team=Altoona+Mountain+City&year=1884
wesley.goyette@gmail.com: GET /?team=Altoona+Mountain+City&year=1884
wesley.goyette@gmail.com: GET /?team=Altoona+Mountain+City&year=1884
wesley.goyette@gmail.com: GET /?team=Altoona+Mountain+City&year=1884
wesley.goyette@gmail.com: GET /?team=Altoona+Mountain+City&year=1884
wesley.goyette@gmail.com: GET /?team=Altoona+Mountain+City&year=1884
wesley.goyette@gmail.com: GET /?team=Altoona+Mountain+City&year=1884
wesley.goyette@gmail.com: GET /?team=Altoona+Mountain+City&year=1884
wesley.goyette@gmail.com: GET /?team=Altoona+Mountain+City&year=1884
wesley.goyette@gmail.com: GET /?team=Altoona+Mountain+City&year=1884
wesley.goyette@gmail.com: GET /?team=Altoona+Mountain+City&year=1884
wesley.goyette@gmail.com: GET /?team=Altoona+Mountain+City&year=1884
wesley.goyette@gmail.com: GET /?team=Altoona+Mountain+City&year=1884
wesley.goyette@gmail.com: GET /?team=Altoona+Mountain+City&year=1884
wesley.goyette@gmail.com: GET /?team=Altoona+Mountain+City&year=1884
wesley.goyette@gmail.com: GET /?team=Altoona+Mountain+City&year=1884
wesley.goyette@gmail.com: GET /?team=Altoona+Mountain+City&year=1884
wesley.goyette@gmail.com: GET /?team=Altoona+Mountain+City&year=1884
wesley.goyette@gmail.com: GET /?team=Altoona+Mountain+City&year=1884
wesley.goyette@gmail.com: GET /?team=Altoona+Mountain+City&year=1884
wesley.goyette@gmail.com: GET /?team=Altoona+Mountain+City&year=1884
wesley.goyette@gmail.com: GET /?team=Altoona+Mountain+City&year=1884
wesley.goyette@gmail.com: GET /?team=Altoona+Mountain+City&year=1884
wesley.goyette@gmail.com: GET /?team=Altoona+Mountain+City&year=1884
wesley.goyette@gmail.com: GET /?team=Altoona+Mountain+City&year=1884
wesley.goyette@gmail.com: GET /?team=Altoona+Mountain+City&year=1884
wesley.goyette@gmail.com: GET /?team=Altoona+Mountain+City&year=1884
wesley.goyette@gmail.com: GET /?team=Altoona+Mountain+City&year=1884
wesley.goyette@gmail.com: GET /?team=Altoona+Mountain+City&year=1884
wesley.goyette@gmail.com: GET /?team=Altoona+Mountain+City&year=1884
wesley.goyette@gmail.com: GET /?team=Altoona+Mountain+City&year=1884
wesley.goyette@gmail.com: GET /?team=Altoona+Mountain+City&year=1884
wesley.goyette@gmail.com: GET /?team=Altoona+Mountain+City&year=1884
wesley.goyette@gmail.com: GET /?team=Altoona+Mountain+City&year=1884
wesley.goyette@gmail.com: GET /?team=Altoona+Mountain+City&year=1884
wesley.goyette@gmail.com: GET /?team=Altoona+Mountain+City&year=1884
wesley.goyette@gmail.com: GET /?team=Altoona+Mountain+City&year=1884
wesley.goyette@gmail.com: GET /?team=Altoona+Mountain+City&year=1884
wesley.goyette@gmail.com: GET /?team=Altoona+Mountain+City&year=1884
wesley.goyette@gmail.com: GET /?team=Altoona+Mountain+City&year=1884
wesley.goyette@gmail.com: GET /?team=Altoona+Mountain+City&year=1884
wesley.goyette@gmail.com: GET /?team=Altoona+Mountain+City&year=1884
wesley.goyette@gmail.com: GET /?team=Altoona+Mountain+City&year=1884
wesley.goyette@gmail.com: GET /?team=Altoona+Mountain+City&year=1884
wesley.goyette@gmail.com: GET /?team=Altoona+Mountain+City&year=1884
wesley.goyette@gmail.com: GET /?team=Altoona+Mountain+City&year=1884
wesley.goyette@gmail.com: GET /?team=Altoona+Mountain+City&year=1884
wesley.goyette@gmail.com: GET /?team=Altoona+Mountain+City&year=1884
wesley.goyette@gmail.com: GET /?team=Altoona+Mountain+City&year=1884
wesley.goyette@gmail.com: GET /?team=Altoona+Mountain+City&year=1884
wesley.goyette@gmail.com: GET /?team=Altoona+Mountain+City&year=1884
wesley.goyette@gmail.com: GET /?team=Altoona+Mountain+City&year=1884
wesley.goyette@gmail.com: GET /?prevTeam=Altoona+Mountain+City&prevYear=1884
wesley.goyette@gmail.com: GET /admin?
wesley.goyette@gmail.com: GET /admin?
wesley.goyette@gmail.com: GET /?
wesley.goyette@gmail.com: GET /admin?
wesley.goyette@gmail.com: GET /admin?
wesley.goyette@gmail.com: GET /admin?
wesley.goyette@gmail.com: GET /admin?
wesley.goyette@gmail.com: GET /admin?
wesley.goyette@gmail.com: GET /?
wesley.goyette@gmail.com: GET /?team=Altoona+Mountain+City&year=1884
wesley.goyette@gmail.com: GET /?prevTeam=Altoona+Mountain+City&prevYear=1884
